::1 - - [05/Jul/2022:01:02:41 +0000] "GET /auth/validate?email=test@test.com HTTP/1.1" 304 - - -
::1 - - [05/Jul/2022:01:02:42 +0000] "GET /auth/validate?username=testAngular HTTP/1.1" 304 - - -
::1 - - [05/Jul/2022:01:03:52 +0000] "GET /auth/validate?email=test@test.com HTTP/1.1" 304 - - -
::1 - - [05/Jul/2022:01:03:54 +0000] "GET /auth/validate?username=testAngular HTTP/1.1" 304 - - -
::1 - - [05/Jul/2022:01:04:28 +0000] "GET /auth/validate?email=test@test.com HTTP/1.1" 304 - - -
::1 - - [05/Jul/2022:01:04:30 +0000] "GET /auth/validate?username=testAngular HTTP/1.1" 304 - - -
::1 - - [05/Jul/2022:01:04:49 +0000] "GET /auth/validate?email=test@test.com HTTP/1.1" 304 - - -
::1 - - [05/Jul/2022:01:04:51 +0000] "GET /auth/validate?username=testAngular HTTP/1.1" 304 - - -
::1 - - [05/Jul/2022:01:05:50 +0000] "GET /auth/validate?email=test@test.com HTTP/1.1" 304 - - -
::1 - - [05/Jul/2022:01:05:52 +0000] "GET /auth/validate?username=testAngular HTTP/1.1" 304 - - -
::1 - - [05/Jul/2022:01:07:18 +0000] "GET /auth/validate?email=test@test.com HTTP/1.1" 304 - - -
::1 - - [05/Jul/2022:01:07:24 +0000] "GET /auth/validate?username=testAngular HTTP/1.1" 304 - - -
::1 - - [05/Jul/2022:01:08:06 +0000] "GET /auth/validate?email=test@test.com HTTP/1.1" 304 - - -
::1 - - [05/Jul/2022:01:08:08 +0000] "GET /auth/validate?username=testAngular HTTP/1.1" 304 - - -
::1 - - [05/Jul/2022:01:12:58 +0000] "GET /auth/validate?email=test@test.com HTTP/1.1" 304 - - -
::1 - - [05/Jul/2022:01:13:00 +0000] "GET /auth/validate?username=testAngular HTTP/1.1" 304 - - -
::1 - - [05/Jul/2022:01:13:27 +0000] "OPTIONS /auth/register HTTP/1.1" 204 0 - -
::1 - - [05/Jul/2022:01:13:27 +0000] "POST /auth/register HTTP/1.1" 201 971 - application/json; charset=utf-8
::1 - - [05/Jul/2022:01:14:28 +0000] "GET /auth/validate?email=test@test.com HTTP/1.1" 200 62 - application/json; charset=utf-8
::1 - - [05/Jul/2022:01:14:31 +0000] "GET /auth/validate?username=testAngular HTTP/1.1" 200 62 - application/json; charset=utf-8
::1 - - [05/Jul/2022:01:14:36 +0000] "GET /auth/validate?email=test2@test.com HTTP/1.1" 200 61 - application/json; charset=utf-8
::1 - - [05/Jul/2022:01:14:38 +0000] "GET /auth/validate?username=testAngular2 HTTP/1.1" 200 61 - application/json; charset=utf-8
::1 - - [05/Jul/2022:01:14:39 +0000] "OPTIONS /auth/register HTTP/1.1" 204 0 - -
::1 - - [05/Jul/2022:01:14:40 +0000] "POST /auth/register HTTP/1.1" 201 975 - application/json; charset=utf-8
::1 - - [05/Jul/2022:01:14:52 +0000] "GET /auth/validate?email=test@test.com HTTP/1.1" 304 - - -
::1 - - [05/Jul/2022:01:14:57 +0000] "GET /auth/validate?email=test2@test.com HTTP/1.1" 200 62 - application/json; charset=utf-8
::1 - - [05/Jul/2022:01:15:02 +0000] "GET /auth/validate?email=test@test.com HTTP/1.1" 304 - - -
::1 - - [05/Jul/2022:01:15:05 +0000] "GET /auth/validate?email=test1@test.com HTTP/1.1" 200 61 - application/json; charset=utf-8
::1 - - [05/Jul/2022:01:15:06 +0000] "GET /auth/validate?email=test@test.com HTTP/1.1" 304 - - -
::1 - - [05/Jul/2022:01:15:16 +0000] "GET /auth/validate?username=testAngular HTTP/1.1" 304 - - -
::1 - - [05/Jul/2022:01:16:44 +0000] "OPTIONS /auth/login HTTP/1.1" 204 0 - -
::1 - - [05/Jul/2022:01:16:44 +0000] "POST /auth/login HTTP/1.1" 200 971 - application/json; charset=utf-8
::1 - - [05/Jul/2022:01:19:07 +0000] "OPTIONS /auth/login HTTP/1.1" 204 0 - -
::1 - - [05/Jul/2022:01:19:07 +0000] "POST /auth/login HTTP/1.1" 200 4421 - application/json; charset=utf-8
::1 - - [05/Jul/2022:01:19:24 +0000] "OPTIONS /auth/login HTTP/1.1" 204 0 - -
::1 - - [05/Jul/2022:01:19:24 +0000] "POST /auth/login HTTP/1.1" 200 4421 - application/json; charset=utf-8
::1 - - [05/Jul/2022:01:19:31 +0000] "OPTIONS /auth/login HTTP/1.1" 204 0 - -
::1 - - [05/Jul/2022:01:19:32 +0000] "POST /auth/login HTTP/1.1" 200 4421 - application/json; charset=utf-8
::1 - - [05/Jul/2022:01:20:17 +0000] "OPTIONS /auth/login HTTP/1.1" 204 0 - -
::1 - - [05/Jul/2022:01:20:17 +0000] "POST /auth/login HTTP/1.1" 401 86 - application/json; charset=utf-8
::1 - - [05/Jul/2022:01:21:23 +0000] "OPTIONS /auth/login HTTP/1.1" 204 0 - -
::1 - - [05/Jul/2022:01:21:23 +0000] "POST /auth/login HTTP/1.1" 200 971 - application/json; charset=utf-8
::1 - - [05/Jul/2022:01:21:44 +0000] "OPTIONS /auth/login HTTP/1.1" 204 0 - -
::1 - - [05/Jul/2022:01:21:44 +0000] "POST /auth/login HTTP/1.1" 200 4421 - application/json; charset=utf-8
